<?xml version="1.0" encoding="UTF-8"?>
<!-- Generated by org.testng.reporters.JUnitReportReporter -->
<testsuite hostname="STIPL-SMBL0267" failures="0" tests="1" name="testcases.TestCases" time="20.818" errors="0" timestamp="2021-08-04T13:49:30 IST" skipped="0">
  <testcase classname="testcases.TestCases" name="MOB_TC001_LogIntoTreatApp" time="20.818"/>
  <system-out/>
</testsuite> <!-- testcases.TestCases -->
