<?xml version="1.0" encoding="UTF-8"?>
<!-- Generated by org.testng.reporters.JUnitReportReporter -->
<testsuite skipped="0" hostname="STIPL-SMBL0267" name="testcases.TestCases" tests="1" failures="0" timestamp="2021-08-13T16:50:59 IST" time="40.584" errors="0">
  <testcase name="MOB_TC001_LogIntoTreatApp" time="40.584" classname="testcases.TestCases"/>
  <system-out/>
</testsuite> <!-- testcases.TestCases -->
