<?xml version="1.0" encoding="UTF-8"?>
<!-- Generated by org.testng.reporters.JUnitReportReporter -->
<testsuite hostname="sugumars-Mac-mini.local" failures="0" tests="1" name="launchscript.LaunchScript" time="81.839" errors="0" timestamp="2021-08-25T14:10:04 IST" skipped="0">
  <testcase classname="launchscript.LaunchScript" name="LaunchScript" time="81.839"/>
  <system-out/>
</testsuite> <!-- launchscript.LaunchScript -->
