<?xml version="1.0" encoding="UTF-8"?>
<!-- Generated by org.testng.reporters.JUnitReportReporter -->
<testsuite skipped="0" hostname="STIPL-SMBL0267" name="testcases.TestCases" tests="2" failures="0" timestamp="2021-08-18T18:26:52 IST" time="95.283" errors="0">
  <testcase name="MOB_TC002_LogIntoTreatApp" time="66.818" classname="testcases.TestCases"/>
  <system-out/>
  <testcase name="MOB_TC001_LogIntoTreatApp" time="28.465" classname="testcases.TestCases"/>
  <system-out/>
</testsuite> <!-- testcases.TestCases -->
