<?xml version="1.0" encoding="UTF-8"?>
<!-- Generated by org.testng.reporters.JUnitReportReporter -->
<testsuite skipped="0" hostname="STIPL-SMBL0267" name="launchscript.LaunchScript" tests="1" failures="0" timestamp="2021-08-25T13:08:03 IST" time="64.504" errors="0">
  <testcase name="LaunchScript" time="64.504" classname="launchscript.LaunchScript"/>
  <system-out/>
</testsuite> <!-- launchscript.LaunchScript -->
