<?xml version="1.0" encoding="UTF-8"?>
<!-- Generated by org.testng.reporters.JUnitReportReporter -->
<testsuite hostname="sugumars-Mac-mini.local" failures="0" tests="2" name="testcases.TestCases" time="79.319" errors="0" timestamp="2021-08-25T14:10:04 IST" skipped="0">
  <testcase classname="testcases.TestCases" name="MOB_TC002_LogIntoTreatApp" time="35.561"/>
  <system-out/>
  <testcase classname="testcases.TestCases" name="MOB_TC001_LogIntoTreatApp" time="43.758"/>
  <system-out/>
</testsuite> <!-- testcases.TestCases -->
