<?xml version="1.0" encoding="UTF-8"?>
<!-- Generated by org.testng.reporters.JUnitReportReporter -->
<testsuite skipped="0" hostname="STIPL-SMBL0267" name="testcases.TestCases" tests="1" failures="0" timestamp="2021-08-03T14:25:54 IST" time="22.335" errors="0">
  <testcase name="MOB_TC001_LogIntoTreatApp" time="22.335" classname="testcases.TestCases"/>
  <system-out/>
</testsuite> <!-- testcases.TestCases -->
