<?xml version="1.0" encoding="UTF-8"?>
<!-- Generated by org.testng.reporters.JUnitReportReporter -->
<testsuite hostname="STIPL-SMBL0267" failures="0" tests="1" name="testcases.TestCases" time="0.031" errors="0" timestamp="2021-08-03T10:56:15 IST" skipped="0">
  <testcase classname="testcases.TestCases" name="MOB_TC001_LogIntoTreatApp" time="0.031"/>
  <system-out/>
</testsuite> <!-- testcases.TestCases -->
