<?xml version="1.0" encoding="UTF-8"?>
<!-- Generated by org.testng.reporters.JUnitReportReporter -->
<testsuite skipped="0" hostname="STIPL-SMBL0267" name="testcases.TestCases" tests="2" failures="0" timestamp="2021-08-25T13:08:02 IST" time="62.206" errors="0">
  <testcase name="MOB_TC002_LogIntoTreatApp" time="35.220" classname="testcases.TestCases"/>
  <system-out/>
  <testcase name="MOB_TC001_LogIntoTreatApp" time="26.986" classname="testcases.TestCases"/>
  <system-out/>
</testsuite> <!-- testcases.TestCases -->
